[2021-07-24 13:04:05.819727]	/index.php
[GET 参数]	Array
(
)

[POST 参数]	Array
(
)

---------------------------------------------

[2021-07-24 13:04:12.260940]	/edit.php?cid=10026
[GET 参数]	Array
(
    [cid] => 10026
)

[POST 参数]	Array
(
)

---------------------------------------------

[2021-07-24 13:04:14.143068]	/index.php
[GET 参数]	Array
(
)

[POST 参数]	Array
(
)

---------------------------------------------

[2021-07-24 13:04:33.215706]	/index.php
[GET 参数]	Array
(
)

[POST 参数]	Array
(
)

---------------------------------------------

[2021-07-24 13:04:38.239554]	/index.php
[GET 参数]	Array
(
)

[POST 参数]	Array
(
)

---------------------------------------------

