[2021-07-24 10:04:12.000000]	/message-board-master/
[GET 参数]	Array
(
)

[POST 参数]	Array
(
)

---------------------------------------------

[2021-07-24 10:04:18.000000]	/message-board-master/
[GET 参数]	Array
(
)

[POST 参数]	Array
(
)

---------------------------------------------

[2021-07-24 10:04:18.000000]	/message-board-master/
[GET 参数]	Array
(
)

[POST 参数]	Array
(
)

---------------------------------------------

[2021-07-24 10:04:31.000000]	/message-board-master/
[GET 参数]	Array
(
)

[POST 参数]	Array
(
)

---------------------------------------------

[2021-07-24 10:04:32.000000]	/message-board-master/
[GET 参数]	Array
(
)

[POST 参数]	Array
(
)

---------------------------------------------

[2021-07-24 10:04:32.000000]	/message-board-master/
[GET 参数]	Array
(
)

[POST 参数]	Array
(
)

---------------------------------------------

[2021-07-24 10:04:33.000000]	/message-board-master/
[GET 参数]	Array
(
)

[POST 参数]	Array
(
)

---------------------------------------------

[2021-07-24 10:04:33.000000]	/message-board-master/
[GET 参数]	Array
(
)

[POST 参数]	Array
(
)

---------------------------------------------

[2021-07-24 10:04:33.000000]	/message-board-master/
[GET 参数]	Array
(
)

[POST 参数]	Array
(
)

---------------------------------------------

[2021-07-24 10:04:33.000000]	/message-board-master/
[GET 参数]	Array
(
)

[POST 参数]	Array
(
)

---------------------------------------------

[2021-07-24 10:04:34.000000]	/message-board-master/
[GET 参数]	Array
(
)

[POST 参数]	Array
(
)

---------------------------------------------

[2021-07-24 10:04:34.000000]	/message-board-master/
[GET 参数]	Array
(
)

[POST 参数]	Array
(
)

---------------------------------------------

[2021-07-24 10:04:34.000000]	/message-board-master/
[GET 参数]	Array
(
)

[POST 参数]	Array
(
)

---------------------------------------------

[2021-07-24 10:04:34.000000]	/message-board-master/
[GET 参数]	Array
(
)

[POST 参数]	Array
(
)

---------------------------------------------

[2021-07-24 10:04:56.000000]	/message-board-master/login.php
[GET 参数]	Array
(
)

[POST 参数]	Array
(
)

---------------------------------------------

