[2021-07-24 10:23:13.000000]	/message-board-master/
[GET 参数]	Array
(
)

[POST 参数]	Array
(
)

---------------------------------------------

[2021-07-24 10:23:15.000000]	/message-board-master/
[GET 参数]	Array
(
)

[POST 参数]	Array
(
)

---------------------------------------------

[2021-07-24 10:23:32.000000]	/message-board-master/
[GET 参数]	Array
(
)

[POST 参数]	Array
(
)

---------------------------------------------

[2021-07-24 10:23:35.000000]	/message-board-master/login.php
[GET 参数]	Array
(
)

[POST 参数]	Array
(
)

---------------------------------------------

