[2021-07-23 12:13:46.076003]	/message-board-master/login.php
[GET 参数]	Array
(
)

[POST 参数]	Array
(
)

---------------------------------------------

[2021-07-23 12:13:53.447133]	/message-board-master/login.php?action=login
[GET 参数]	Array
(
    [action] => login
)

[POST 参数]	Array
(
    [account] => 1361289290
    [password] => 1361289290
)

---------------------------------------------

[2021-07-23 12:13:55.269571]	/message-board-master/index.php
[GET 参数]	Array
(
)

[POST 参数]	Array
(
)

---------------------------------------------

