[2021-07-23 12:16:12.439349]	/message-board-master/
[GET 参数]	Array
(
)

[POST 参数]	Array
(
)

---------------------------------------------

[2021-07-23 12:16:15.113448]	/message-board-master/login.php
[GET 参数]	Array
(
)

[POST 参数]	Array
(
)

---------------------------------------------

[2021-07-23 12:16:20.807802]	/message-board-master/login.php?action=login
[GET 参数]	Array
(
    [action] => login
)

[POST 参数]	Array
(
    [account] => 1361289290
    [password] => 1361289290
)

---------------------------------------------

[2021-07-23 12:16:22.616970]	/message-board-master/index.php
[GET 参数]	Array
(
)

[POST 参数]	Array
(
)

---------------------------------------------

