[2021-07-24 12:59:02.133422]	/index.php
[GET 参数]	Array
(
)

[POST 参数]	Array
(
)

---------------------------------------------

[2021-07-24 12:59:02.324218]	/index.php
[GET 参数]	Array
(
)

[POST 参数]	Array
(
)

---------------------------------------------

[2021-07-24 12:59:02.467652]	/index.php
[GET 参数]	Array
(
)

[POST 参数]	Array
(
)

---------------------------------------------

[2021-07-24 12:59:02.619018]	/index.php
[GET 参数]	Array
(
)

[POST 参数]	Array
(
)

---------------------------------------------

[2021-07-24 12:59:11.132240]	/index.php
[GET 参数]	Array
(
)

[POST 参数]	Array
(
)

---------------------------------------------

[2021-07-24 12:59:11.724590]	/index.php
[GET 参数]	Array
(
)

[POST 参数]	Array
(
)

---------------------------------------------

[2021-07-24 12:59:12.984207]	/reg.php
[GET 参数]	Array
(
)

[POST 参数]	Array
(
)

---------------------------------------------

[2021-07-24 12:59:32.837094]	/reg.php?action=reg
[GET 参数]	Array
(
    [action] => reg
)

[POST 参数]	Array
(
    [nickname] => test456
    [password] => test456789
    [email] => 1234@qq.com
    [qq] => 123456
    [sex] => 1
)

---------------------------------------------

[2021-07-24 12:59:34.661779]	/login.php
[GET 参数]	Array
(
)

[POST 参数]	Array
(
)

---------------------------------------------

[2021-07-24 12:59:40.213382]	/login.php?action=login
[GET 参数]	Array
(
    [action] => login
)

[POST 参数]	Array
(
    [account] => 123456
    [password] => test456789
)

---------------------------------------------

[2021-07-24 12:59:42.027532]	/index.php
[GET 参数]	Array
(
)

[POST 参数]	Array
(
)

---------------------------------------------

[2021-07-24 12:59:51.065415]	/index.php
[GET 参数]	Array
(
)

[POST 参数]	Array
(
)

---------------------------------------------

[2021-07-24 12:59:54.170354]	/edit.php?cid=10031
[GET 参数]	Array
(
    [cid] => 10031
)

[POST 参数]	Array
(
)

---------------------------------------------

[2021-07-24 12:59:57.199767]	/edit.php?cid=10031&do=update
[GET 参数]	Array
(
    [cid] => 10031
    [do] => update
)

[POST 参数]	Array
(
    [content] => 123456
    [submitBtn] => 
)

---------------------------------------------

