[2021-07-23 12:04:15.373320]	/message-board-master/
[GET 参数]	Array
(
)

[POST 参数]	Array
(
)

---------------------------------------------

[2021-07-23 12:04:23.441665]	/message-board-master/edit.php?cid=10029
[GET 参数]	Array
(
    [cid] => 10029
)

[POST 参数]	Array
(
)

---------------------------------------------

[2021-07-23 12:04:25.038711]	/message-board-master/index.php
[GET 参数]	Array
(
)

[POST 参数]	Array
(
)

---------------------------------------------

[2021-07-23 12:04:48.586432]	/message-board-master/
[GET 参数]	Array
(
)

[POST 参数]	Array
(
)

---------------------------------------------

