[2021-07-24 12:56:19.150416]	/reg.php?action=reg
[GET 参数]	Array
(
    [action] => reg
)

[POST 参数]	Array
(
    [nickname] => test456
    [password] => test456789
    [email] => 123@qq.com
    [qq] => 123456
    [sex] => 1
)

---------------------------------------------

[2021-07-24 12:56:24.507870]	/reg.php?action=reg
[GET 参数]	Array
(
    [action] => reg
)

[POST 参数]	Array
(
    [nickname] => test456
    [password] => test456789
    [email] => 1234@qq.com
    [qq] => 123456
    [sex] => 1
)

---------------------------------------------

[2021-07-24 12:56:26.324412]	/login.php
[GET 参数]	Array
(
)

[POST 参数]	Array
(
)

---------------------------------------------

[2021-07-24 12:56:34.093607]	/login.php?action=login
[GET 参数]	Array
(
    [action] => login
)

[POST 参数]	Array
(
    [account] => 123456
    [password] => test456789
)

---------------------------------------------

[2021-07-24 12:56:35.914909]	/index.php
[GET 参数]	Array
(
)

[POST 参数]	Array
(
)

---------------------------------------------

[2021-07-24 12:56:43.788072]	/index.php
[GET 参数]	Array
(
)

[POST 参数]	Array
(
)

---------------------------------------------

[2021-07-24 12:56:48.014330]	/edit.php?cid=10030
[GET 参数]	Array
(
    [cid] => 10030
)

[POST 参数]	Array
(
)

---------------------------------------------

[2021-07-24 12:56:53.021269]	/edit.php?cid=10030&do=update
[GET 参数]	Array
(
    [cid] => 10030
    [do] => update
)

[POST 参数]	Array
(
    [content] => 123456
    [submitBtn] => 
)

---------------------------------------------

[2021-07-24 12:56:57.499452]	/index.php
[GET 参数]	Array
(
)

[POST 参数]	Array
(
)

---------------------------------------------

