[2021-07-23 11:41:00.000000]	/message-board-master/login.php?action=login
[GET 参数]	Array
(
    [action] => login
)

[POST 参数]	Array
(
    [account] => 12345
    [password] => test12345678
)

---------------------------------------------

[2021-07-23 11:41:02.000000]	/message-board-master/index.php
[GET 参数]	Array
(
)

[POST 参数]	Array
(
)

---------------------------------------------

[2021-07-23 11:41:09.000000]	/message-board-master/index.php
[GET 参数]	Array
(
)

[POST 参数]	Array
(
)

---------------------------------------------

[2021-07-23 11:41:12.000000]	/message-board-master/edit.php?cid=10028
[GET 参数]	Array
(
    [cid] => 10028
)

[POST 参数]	Array
(
)

---------------------------------------------

[2021-07-23 11:41:19.000000]	/message-board-master/edit.php?cid=10028&do=update
[GET 参数]	Array
(
    [cid] => 10028
    [do] => update
)

[POST 参数]	Array
(
    [content] => 123456
    [submitBtn] => 
)

---------------------------------------------

[2021-07-23 11:41:24.000000]	/message-board-master/index.php
[GET 参数]	Array
(
)

[POST 参数]	Array
(
)

---------------------------------------------

[2021-07-23 11:41:35.000000]	/message-board-master/index.php
[GET 参数]	Array
(
)

[POST 参数]	Array
(
)

---------------------------------------------

[2021-07-23 11:41:35.000000]	/message-board-master/index.php
[GET 参数]	Array
(
)

[POST 参数]	Array
(
)

---------------------------------------------

