[2021-07-24 12:13:07.020784]	/index.php
[GET 参数]	Array
(
)

[POST 参数]	Array
(
)

---------------------------------------------

[2021-07-24 12:13:11.041442]	/index.php
[GET 参数]	Array
(
)

[POST 参数]	Array
(
)

---------------------------------------------

[2021-07-24 12:13:12.152941]	/reg.php
[GET 参数]	Array
(
)

[POST 参数]	Array
(
)

---------------------------------------------

[2021-07-24 12:13:36.579626]	/login.php
[GET 参数]	Array
(
)

[POST 参数]	Array
(
)

---------------------------------------------

[2021-07-24 12:13:44.927132]	/login.php?action=login
[GET 参数]	Array
(
    [action] => login
)

[POST 参数]	Array
(
    [account] => 12345
    [password] => test12345678
)

---------------------------------------------

[2021-07-24 12:13:46.775084]	/index.php
[GET 参数]	Array
(
)

[POST 参数]	Array
(
)

---------------------------------------------

