[2021-07-24 13:03:00.919393]	/reg.php
[GET 参数]	Array
(
)

[POST 参数]	Array
(
)

---------------------------------------------

[2021-07-24 13:03:14.183348]	/reg.php?action=reg
[GET 参数]	Array
(
    [action] => reg
)

[POST 参数]	Array
(
    [nickname] => test456
    [password] => test456789
    [email] => 1234@qq.com
    [qq] => 123456
    [sex] => 1
)

---------------------------------------------

[2021-07-24 13:03:16.012579]	/login.php
[GET 参数]	Array
(
)

[POST 参数]	Array
(
)

---------------------------------------------

[2021-07-24 13:03:20.436469]	/login.php?action=login
[GET 参数]	Array
(
    [action] => login
)

[POST 参数]	Array
(
    [account] => 123456
    [password] => test456789
)

---------------------------------------------

[2021-07-24 13:03:22.258213]	/index.php
[GET 参数]	Array
(
)

[POST 参数]	Array
(
)

---------------------------------------------

[2021-07-24 13:03:30.596472]	/index.php
[GET 参数]	Array
(
)

[POST 参数]	Array
(
)

---------------------------------------------

[2021-07-24 13:03:33.516864]	/edit.php?cid=10032
[GET 参数]	Array
(
    [cid] => 10032
)

[POST 参数]	Array
(
)

---------------------------------------------

[2021-07-24 13:03:35.957150]	/edit.php?cid=10032&do=update
[GET 参数]	Array
(
    [cid] => 10032
    [do] => update
)

[POST 参数]	Array
(
    [content] => 123456
    [submitBtn] => 
)

---------------------------------------------

[2021-07-24 13:03:38.307409]	/index.php
[GET 参数]	Array
(
)

[POST 参数]	Array
(
)

---------------------------------------------

[2021-07-24 13:03:46.330843]	/index.php
[GET 参数]	Array
(
)

[POST 参数]	Array
(
)

---------------------------------------------

[2021-07-24 13:03:47.412379]	/login.php
[GET 参数]	Array
(
)

[POST 参数]	Array
(
)

---------------------------------------------

[2021-07-24 13:03:55.933650]	/login.php?action=login
[GET 参数]	Array
(
    [action] => login
)

[POST 参数]	Array
(
    [account] => 12345678
    [password] => 12345678
)

---------------------------------------------

[2021-07-24 13:03:57.747699]	/index.php
[GET 参数]	Array
(
)

[POST 参数]	Array
(
)

---------------------------------------------

