[2021-07-24 12:39:36.442470]	/index.php
[GET 参数]	Array
(
)

[POST 参数]	Array
(
)

---------------------------------------------

[2021-07-24 12:39:41.916253]	/index.php
[GET 参数]	Array
(
)

[POST 参数]	Array
(
)

---------------------------------------------

[2021-07-24 12:39:44.293345]	/reg.php
[GET 参数]	Array
(
)

[POST 参数]	Array
(
)

---------------------------------------------

[2021-07-24 12:39:56.704691]	/
[GET 参数]	Array
(
)

[POST 参数]	Array
(
)

---------------------------------------------

