[2021-07-23 12:49:34.962046]	/message-board-master/index.php
[GET 参数]	Array
(
)

[POST 参数]	Array
(
)

---------------------------------------------

[2021-07-23 12:49:45.588875]	/message-board-master/index.php
[GET 参数]	Array
(
)

[POST 参数]	Array
(
)

---------------------------------------------

[2021-07-23 12:49:50.420023]	/message-board-master/edit.php?cid=10030
[GET 参数]	Array
(
    [cid] => 10030
)

[POST 参数]	Array
(
)

---------------------------------------------

[2021-07-23 12:49:53.664536]	/message-board-master/edit.php?cid=10030&do=update
[GET 参数]	Array
(
    [cid] => 10030
    [do] => update
)

[POST 参数]	Array
(
    [content] => 1234
    [submitBtn] => 
)

---------------------------------------------

