[2021-07-23 14:58:34.000000]	/message-board-master/index.php
[GET 参数]	Array
(
)

[POST 参数]	Array
(
)

---------------------------------------------

[2021-07-23 14:58:43.000000]	/message-board-master/edit.php?cid=10025
[GET 参数]	Array
(
    [cid] => 10025
)

[POST 参数]	Array
(
)

---------------------------------------------

[2021-07-23 14:58:52.000000]	/message-board-master/edit.php?cid=10024
[GET 参数]	Array
(
    [cid] => 10024
)

[POST 参数]	Array
(
)

---------------------------------------------

