[2021-07-23 11:45:20.000000]	/message-board-master/index.php
[GET 参数]	Array
(
)

[POST 参数]	Array
(
)

---------------------------------------------

[2021-07-23 11:45:24.000000]	/message-board-master/login.php
[GET 参数]	Array
(
)

[POST 参数]	Array
(
)

---------------------------------------------

[2021-07-23 11:45:43.000000]	/message-board-master/login.php?action=login
[GET 参数]	Array
(
    [action] => login
)

[POST 参数]	Array
(
    [account] => 1361289290
    [password] => 1361289290
)

---------------------------------------------

[2021-07-23 11:45:45.000000]	/message-board-master/index.php
[GET 参数]	Array
(
)

[POST 参数]	Array
(
)

---------------------------------------------

