[2021-07-24 12:54:07.765466]	/reg.php?action=reg
[GET 参数]	Array
(
    [action] => reg
)

[POST 参数]	Array
(
    [nickname] => test1234
    [password] => test1234
    [email] => 123@qq.com
    [qq] => 123456
    [sex] => 1
)

---------------------------------------------

[2021-07-24 12:54:12.451853]	/reg.php?action=reg
[GET 参数]	Array
(
    [action] => reg
)

[POST 参数]	Array
(
    [nickname] => test1234
    [password] => test1234
    [email] => 1234@qq.com
    [qq] => 123456
    [sex] => 1
)

---------------------------------------------

[2021-07-24 12:54:16.067774]	/reg.php?action=reg
[GET 参数]	Array
(
    [action] => reg
)

[POST 参数]	Array
(
    [nickname] => test1234
    [password] => test1234
    [email] => 12345@qq.com
    [qq] => 123456
    [sex] => 1
)

---------------------------------------------

[2021-07-24 12:54:28.173128]	/reg.php
[GET 参数]	Array
(
)

[POST 参数]	Array
(
)

---------------------------------------------

[2021-07-24 12:54:28.957823]	/index.php
[GET 参数]	Array
(
)

[POST 参数]	Array
(
)

---------------------------------------------

[2021-07-24 12:54:40.645322]	/index.php
[GET 参数]	Array
(
)

[POST 参数]	Array
(
)

---------------------------------------------

[2021-07-24 12:54:43.038350]	/reg.php
[GET 参数]	Array
(
)

[POST 参数]	Array
(
)

---------------------------------------------

